<?xml version="1.0" encoding="UTF-8"?>
<testng-results skipped="0" failed="0" total="2" passed="2">
  <reporter-output>
  </reporter-output>
  <suite name="Suite" duration-ms="49" started-at="2018-05-24T19:18:56Z" finished-at="2018-05-24T19:18:56Z">
    <groups>
    </groups>
    <test name="Test" duration-ms="49" started-at="2018-05-24T19:18:56Z" finished-at="2018-05-24T19:18:56Z">
      <class name="testNGDemo.testNG">
        <test-method status="PASS" signature="beforesuit()[pri:0, instance:testNGDemo.testNG@51efea79]" name="beforesuit" is-config="true" duration-ms="15" started-at="2018-05-24T13:18:56Z" finished-at="2018-05-24T13:18:56Z">
          <reporter-output>
          </reporter-output>
        </test-method> <!-- beforesuit -->
        <test-method status="PASS" signature="Beforeclass()[pri:0, instance:testNGDemo.testNG@51efea79]" name="Beforeclass" is-config="true" duration-ms="0" started-at="2018-05-24T13:18:56Z" finished-at="2018-05-24T13:18:56Z">
          <reporter-output>
          </reporter-output>
        </test-method> <!-- Beforeclass -->
        <test-method status="PASS" signature="Beforemethod()[pri:0, instance:testNGDemo.testNG@51efea79]" name="Beforemethod" is-config="true" duration-ms="0" started-at="2018-05-24T13:18:56Z" finished-at="2018-05-24T13:18:56Z">
          <reporter-output>
          </reporter-output>
        </test-method> <!-- Beforemethod -->
        <test-method status="PASS" signature="demoone()[pri:0, instance:testNGDemo.testNG@51efea79]" name="demoone" duration-ms="15" started-at="2018-05-24T13:18:56Z" finished-at="2018-05-24T13:18:56Z">
          <reporter-output>
          </reporter-output>
        </test-method> <!-- demoone -->
        <test-method status="PASS" signature="demotwo()[pri:0, instance:testNGDemo.testNG@51efea79]" name="demotwo" duration-ms="16" started-at="2018-05-24T13:18:56Z" finished-at="2018-05-24T13:18:56Z">
          <reporter-output>
          </reporter-output>
        </test-method> <!-- demotwo -->
        <test-method status="PASS" signature="Aftermethod()[pri:0, instance:testNGDemo.testNG@51efea79]" name="Aftermethod" is-config="true" duration-ms="0" started-at="2018-05-24T13:18:56Z" finished-at="2018-05-24T13:18:56Z">
          <reporter-output>
          </reporter-output>
        </test-method> <!-- Aftermethod -->
        <test-method status="PASS" signature="Beforemethod()[pri:0, instance:testNGDemo.testNG@51efea79]" name="Beforemethod" is-config="true" duration-ms="0" started-at="2018-05-24T13:18:56Z" finished-at="2018-05-24T13:18:56Z">
          <reporter-output>
          </reporter-output>
        </test-method> <!-- Beforemethod -->
        <test-method status="PASS" signature="Afterclass()[pri:0, instance:testNGDemo.testNG@51efea79]" name="Afterclass" is-config="true" duration-ms="0" started-at="2018-05-24T13:18:56Z" finished-at="2018-05-24T13:18:56Z">
          <reporter-output>
          </reporter-output>
        </test-method> <!-- Afterclass -->
        <test-method status="PASS" signature="Aftermethod()[pri:0, instance:testNGDemo.testNG@51efea79]" name="Aftermethod" is-config="true" duration-ms="0" started-at="2018-05-24T13:18:56Z" finished-at="2018-05-24T13:18:56Z">
          <reporter-output>
          </reporter-output>
        </test-method> <!-- Aftermethod -->
        <test-method status="PASS" signature="aftersuit()[pri:0, instance:testNGDemo.testNG@51efea79]" name="aftersuit" is-config="true" duration-ms="0" started-at="2018-05-24T13:18:56Z" finished-at="2018-05-24T13:18:56Z">
          <reporter-output>
          </reporter-output>
        </test-method> <!-- aftersuit -->
      </class> <!-- testNGDemo.testNG -->
    </test> <!-- Test -->
  </suite> <!-- Suite -->
</testng-results>
